<?xml version="1.0" encoding="UTF-8"?>
<!-- Generated by org.testng.reporters.JUnitReportReporter -->
<testsuite hostname="LAPTOP-LGAJU212" failures="0" tests="1" name="PIT.Automationtraining.Execution" time="0.005" errors="0" timestamp="2022-05-04T21:54:59 EDT" skipped="0">
  <testcase classname="PIT.Automationtraining.Execution" name="f" time="0.005"/>
  <system-out/>
</testsuite> <!-- PIT.Automationtraining.Execution -->
